SF:lib/extensions/color_map.dart
DA:8,1
DA:9,1
DA:12,1
DA:13,1
DA:19,1
DA:24,1
DA:34,2
DA:103,1
DA:105,1
DA:107,1
DA:108,2
DA:111,2
DA:114,2
DA:115,1
DA:116,2
DA:117,7
DA:121,1
DA:123,1
DA:126,1
DA:128,1
DA:130,1
DA:133,1
DA:139,1
DA:140,5
DA:141,5
DA:142,5
DA:143,4
DA:145,1
LF:28
LH:28
end_of_record
SF:lib/extensions/fluent_text.dart
DA:23,2
DA:26,2
DA:29,2
DA:32,2
DA:35,2
DA:38,2
DA:41,2
DA:44,2
DA:47,2
DA:54,2
DA:61,2
DA:64,2
DA:67,2
DA:78,2
DA:85,2
DA:90,2
DA:101,2
DA:102,4
DA:106,2
DA:109,2
DA:118,2
DA:123,2
DA:126,2
DA:133,2
DA:144,1
DA:150,1
DA:162,2
DA:167,2
DA:172,2
DA:181,2
DA:190,2
DA:193,2
DA:199,2
DA:206,2
DA:209,2
DA:212,2
DA:218,2
DA:227,2
DA:230,2
DA:235,2
LF:40
LH:40
end_of_record
SF:lib/extensions/num_duration.dart
DA:30,3
DA:42,3
DA:49,2
DA:57,4
DA:65,5
DA:73,6
DA:83,7
LF:7
LH:7
end_of_record
SF:lib/extensions/random.dart
DA:5,0
DA:11,0
DA:17,0
DA:22,0
DA:42,0
DA:47,0
DA:60,0
DA:61,0
DA:74,0
DA:75,0
DA:90,0
DA:100,0
DA:110,0
DA:121,0
DA:128,0
DA:146,0
DA:163,0
DA:164,0
DA:165,0
DA:166,0
DA:168,0
DA:169,0
DA:170,0
DA:188,0
DA:189,0
DA:190,0
DA:203,0
DA:205,0
DA:207,0
DA:208,0
DA:209,0
DA:210,0
DA:211,0
DA:212,0
LF:34
LH:0
end_of_record
SF:lib/extensions/screen_responsiveness.dart
DA:34,1
DA:42,2
DA:45,1
DA:47,1
DA:49,1
DA:51,1
LF:6
LH:6
end_of_record
SF:lib/extensions/size_responsiveness.dart
DA:38,1
DA:41,1
DA:44,2
DA:47,2
DA:50,2
DA:53,5
DA:62,6
DA:65,2
DA:68,3
DA:71,3
DA:74,1
DA:75,1
DA:76,8
DA:80,3
DA:93,3
DA:102,3
DA:109,3
DA:112,3
DA:115,3
DA:130,1
DA:133,2
DA:135,2
DA:136,4
DA:148,1
DA:151,2
DA:153,2
DA:154,4
DA:165,1
DA:166,1
DA:168,2
DA:170,2
DA:171,4
DA:183,1
DA:184,1
DA:185,1
DA:187,3
DA:189,3
DA:190,4
DA:202,1
DA:203,1
DA:204,1
DA:206,3
DA:208,3
DA:209,4
LF:44
LH:44
end_of_record
SF:lib/extensions/stringify.dart
DA:4,0
DA:5,0
DA:6,0
DA:7,0
DA:8,0
DA:9,0
DA:10,0
DA:11,0
DA:12,0
DA:13,0
DA:14,0
DA:15,0
DA:16,0
DA:17,0
LF:14
LH:0
end_of_record
SF:lib/extensions/string_converters/camel_case_converter.dart
DA:4,0
DA:6,0
DA:7,0
DA:10,0
LF:4
LH:0
end_of_record
SF:lib/extensions/string_converters/utils.dart
DA:7,0
DA:8,0
DA:11,0
DA:12,0
DA:15,0
LF:5
LH:0
end_of_record
SF:lib/extensions/string_converters/constant_case_converter.dart
DA:4,0
DA:6,0
LF:2
LH:0
end_of_record
SF:lib/extensions/string_converters/dot_case_converter.dart
DA:4,0
DA:6,0
LF:2
LH:0
end_of_record
SF:lib/extensions/string_converters/header_case_converter.dart
DA:4,0
DA:6,0
LF:2
LH:0
end_of_record
SF:lib/extensions/string_converters/lower_first_case_converter.dart
DA:4,0
DA:6,0
DA:7,0
LF:3
LH:0
end_of_record
SF:lib/extensions/string_converters/no_case_converter.dart
DA:4,0
DA:6,0
LF:2
LH:0
end_of_record
SF:lib/extensions/string_converters/params_case_converter.dart
DA:4,0
DA:6,0
LF:2
LH:0
end_of_record
SF:lib/extensions/string_converters/pascal_case_converter.dart
DA:4,0
DA:6,0
LF:2
LH:0
end_of_record
SF:lib/extensions/string_converters/path_case_converter.dart
DA:4,0
DA:6,0
LF:2
LH:0
end_of_record
SF:lib/extensions/string_converters/sentence_case_converter.dart
DA:4,0
DA:6,0
DA:7,0
DA:10,0
DA:11,0
DA:13,0
LF:6
LH:0
end_of_record
SF:lib/extensions/string_converters/snake_case_converter.dart
DA:4,0
DA:6,0
LF:2
LH:0
end_of_record
SF:lib/extensions/string_converters/sponge_case_converter.dart
DA:4,0
DA:6,0
DA:7,0
DA:8,0
DA:9,0
DA:10,0
LF:6
LH:0
end_of_record
SF:lib/extensions/string_converters/stringify_factory.dart
DA:35,0
DA:37,0
DA:38,0
DA:39,0
DA:40,0
DA:41,0
DA:42,0
DA:43,0
DA:44,0
DA:45,0
DA:46,0
DA:47,0
DA:48,0
DA:49,0
DA:50,0
DA:51,0
DA:52,0
DA:53,0
DA:54,0
DA:55,0
DA:56,0
DA:57,0
DA:58,0
DA:59,0
DA:60,0
DA:61,0
DA:62,0
DA:63,0
DA:64,0
LF:29
LH:0
end_of_record
SF:lib/extensions/string_converters/title_case_converter.dart
DA:4,0
DA:6,0
DA:7,0
LF:3
LH:0
end_of_record
SF:lib/extensions/string_converters/upper_first_case_converter.dart
DA:4,0
DA:6,0
DA:9,0
LF:3
LH:0
end_of_record
