SF:lib/custom_colors/utils.dart
DA:4,1
DA:6,16
DA:7,2
LF:3
LH:3
end_of_record
SF:lib/platform_device/core/device_platform.dart
DA:33,1
DA:34,1
DA:35,1
DA:36,1
DA:37,0
DA:38,0
LF:6
LH:4
end_of_record
SF:lib/extensions/color_map.dart
DA:8,1
DA:9,1
DA:12,1
DA:13,1
DA:19,1
DA:24,1
DA:34,2
DA:103,1
DA:105,1
DA:107,1
DA:108,3
DA:111,2
DA:114,2
DA:115,1
DA:116,2
DA:117,7
DA:121,1
DA:123,1
DA:126,1
DA:128,1
DA:130,1
DA:133,1
DA:139,1
DA:140,5
DA:141,5
DA:142,5
DA:143,4
DA:145,1
LF:28
LH:28
end_of_record
SF:lib/extensions/fluent_text.dart
DA:23,2
DA:26,2
DA:29,2
DA:32,2
DA:35,2
DA:38,2
DA:41,2
DA:44,2
DA:47,2
DA:54,2
DA:61,2
DA:64,2
DA:67,2
DA:78,2
DA:85,2
DA:90,2
DA:101,2
DA:102,4
DA:106,2
DA:109,2
DA:118,2
DA:123,2
DA:126,2
DA:133,2
DA:144,1
DA:150,1
DA:162,2
DA:167,2
DA:172,2
DA:181,2
DA:190,2
DA:193,2
DA:199,2
DA:206,2
DA:209,2
DA:212,2
DA:218,2
DA:227,2
DA:230,2
DA:235,2
LF:40
LH:40
end_of_record
SF:lib/extensions/num_duration.dart
DA:30,3
DA:42,3
DA:49,2
DA:57,4
DA:65,5
DA:73,6
DA:83,7
LF:7
LH:7
end_of_record
SF:lib/extensions/random.dart
DA:5,0
DA:11,1
DA:17,2
DA:22,0
DA:42,1
DA:47,1
DA:60,1
DA:61,3
DA:74,1
DA:75,4
DA:90,3
DA:100,3
DA:110,4
DA:121,3
DA:128,4
DA:146,1
DA:161,2
DA:162,2
DA:163,1
DA:164,1
DA:167,4
DA:168,2
DA:169,1
DA:187,1
DA:188,2
DA:189,1
DA:202,1
DA:204,1
DA:206,3
DA:207,1
DA:208,1
DA:209,1
DA:210,2
DA:211,1
LF:34
LH:32
end_of_record
SF:lib/extensions/screen_responsiveness.dart
DA:34,1
DA:42,2
DA:45,1
DA:47,1
DA:49,1
DA:51,1
LF:6
LH:6
end_of_record
SF:lib/extensions/size_responsiveness.dart
DA:38,1
DA:41,1
DA:44,2
DA:47,2
DA:50,2
DA:53,5
DA:62,6
DA:65,2
DA:68,3
DA:71,3
DA:74,1
DA:75,1
DA:76,8
DA:80,3
DA:93,3
DA:102,3
DA:109,3
DA:112,3
DA:115,3
DA:130,1
DA:133,2
DA:135,2
DA:136,4
DA:148,1
DA:151,2
DA:153,2
DA:154,4
DA:165,1
DA:166,1
DA:168,2
DA:170,2
DA:171,4
DA:183,1
DA:184,1
DA:185,1
DA:187,3
DA:189,3
DA:190,4
DA:202,1
DA:203,1
DA:204,1
DA:206,3
DA:208,3
DA:209,4
LF:44
LH:44
end_of_record
SF:lib/extensions/stringify.dart
DA:4,3
DA:5,3
DA:6,3
DA:7,3
DA:8,3
DA:9,3
DA:10,3
DA:11,3
DA:12,3
DA:13,3
DA:14,3
DA:15,3
DA:16,3
DA:17,3
LF:14
LH:14
end_of_record
SF:lib/extensions/string_converters/camel_case_converter.dart
DA:4,2
DA:6,2
DA:7,2
DA:10,14
LF:4
LH:4
end_of_record
SF:lib/extensions/string_converters/utils.dart
DA:7,22
DA:8,66
DA:11,12
DA:12,12
DA:15,60
LF:5
LH:5
end_of_record
SF:lib/extensions/string_converters/constant_case_converter.dart
DA:4,2
DA:6,6
LF:2
LH:2
end_of_record
SF:lib/extensions/string_converters/dot_case_converter.dart
DA:4,2
DA:6,6
LF:2
LH:2
end_of_record
SF:lib/extensions/string_converters/header_case_converter.dart
DA:4,2
DA:6,8
LF:2
LH:2
end_of_record
SF:lib/extensions/string_converters/lower_first_case_converter.dart
DA:4,2
DA:6,2
DA:9,8
LF:3
LH:3
end_of_record
SF:lib/extensions/string_converters/no_case_converter.dart
DA:4,2
DA:6,6
LF:2
LH:2
end_of_record
SF:lib/extensions/string_converters/params_case_converter.dart
DA:4,2
DA:6,6
LF:2
LH:2
end_of_record
SF:lib/extensions/string_converters/pascal_case_converter.dart
DA:4,2
DA:6,8
LF:2
LH:2
end_of_record
SF:lib/extensions/string_converters/path_case_converter.dart
DA:4,2
DA:6,6
LF:2
LH:2
end_of_record
SF:lib/extensions/string_converters/sentence_case_converter.dart
DA:4,2
DA:6,2
DA:7,2
DA:10,4
DA:11,2
DA:13,16
LF:6
LH:6
end_of_record
SF:lib/extensions/string_converters/snake_case_converter.dart
DA:4,3
DA:6,12
LF:2
LH:2
end_of_record
SF:lib/extensions/string_converters/sponge_case_converter.dart
DA:4,3
DA:6,15
DA:7,3
DA:8,3
DA:9,9
DA:10,3
LF:6
LH:6
end_of_record
SF:lib/extensions/string_converters/stringify_factory.dart
DA:35,2
DA:37,2
DA:38,1
DA:39,2
DA:40,1
DA:41,2
DA:42,2
DA:43,2
DA:44,1
DA:45,2
DA:46,1
DA:47,2
DA:48,1
DA:49,2
DA:50,1
DA:51,2
DA:52,1
DA:53,2
DA:54,1
DA:55,2
DA:56,1
DA:57,2
DA:58,1
DA:59,2
DA:60,1
DA:61,2
DA:62,2
DA:63,2
DA:64,2
LF:29
LH:29
end_of_record
SF:lib/extensions/string_converters/title_case_converter.dart
DA:4,3
DA:6,3
DA:7,9
LF:3
LH:3
end_of_record
SF:lib/extensions/string_converters/upper_first_case_converter.dart
DA:4,1
DA:6,1
DA:9,4
LF:3
LH:3
end_of_record
SF:lib/extensions/string_converters/upper_case_converter.dart
DA:4,2
DA:6,2
LF:2
LH:2
end_of_record
